mode: set
avito-coin-service/internal/database/postgres.go:17.39,30.16 3 0
avito-coin-service/internal/database/postgres.go:30.16,32.3 1 0
avito-coin-service/internal/database/postgres.go:34.2,38.3 2 0
avito-coin-service/internal/middleware/auth.go:11.39,12.30 1 0
avito-coin-service/internal/middleware/auth.go:12.30,14.23 2 0
avito-coin-service/internal/middleware/auth.go:14.23,18.4 3 0
avito-coin-service/internal/middleware/auth.go:21.3,22.46 2 0
avito-coin-service/internal/middleware/auth.go:22.46,26.4 3 0
avito-coin-service/internal/middleware/auth.go:28.3,32.17 3 0
avito-coin-service/internal/middleware/auth.go:32.17,36.4 3 0
avito-coin-service/internal/middleware/auth.go:39.3,41.11 2 0
avito-coin-service/internal/middleware/jwt.go:16.51,29.2 4 0
avito-coin-service/internal/middleware/jwt.go:31.56,35.83 2 0
avito-coin-service/internal/middleware/jwt.go:35.83,37.58 1 0
avito-coin-service/internal/middleware/jwt.go:37.58,39.4 1 0
avito-coin-service/internal/middleware/jwt.go:40.3,40.30 1 0
avito-coin-service/internal/middleware/jwt.go:43.2,43.32 1 0
avito-coin-service/internal/middleware/jwt.go:43.32,45.3 1 0
avito-coin-service/internal/middleware/jwt.go:48.2,48.67 1 0
avito-coin-service/internal/middleware/jwt.go:48.67,50.3 1 0
avito-coin-service/internal/middleware/jwt.go:51.2,51.69 1 0
avito-coin-service/internal/model/merch.go:9.33,11.2 1 0
avito-coin-service/cmd/avito-coin-service/main.go:15.13,49.2 20 0
avito-coin-service/cmd/avito-coin-service/main.go:49.2,53.3 3 0
avito-coin-service/cmd/avito-coin-service/main.go:55.2,55.16 1 0
avito-coin-service/internal/handler/info.go:18.55,20.2 1 0
avito-coin-service/internal/handler/info.go:22.47,25.13 2 0
avito-coin-service/internal/handler/info.go:25.13,28.3 2 0
avito-coin-service/internal/handler/info.go:30.2,30.67 1 0
avito-coin-service/internal/handler/info.go:30.67,33.3 2 0
avito-coin-service/internal/handler/info.go:33.8,35.3 1 0
avito-coin-service/internal/handler/purchase.go:22.59,26.2 1 0
avito-coin-service/internal/handler/purchase.go:27.59,36.20 2 0
avito-coin-service/internal/handler/purchase.go:36.20,39.3 2 0
avito-coin-service/internal/handler/purchase.go:41.2,42.13 2 0
avito-coin-service/internal/handler/purchase.go:42.13,45.3 2 0
avito-coin-service/internal/handler/purchase.go:49.2,49.73 1 0
avito-coin-service/internal/handler/purchase.go:49.73,52.3 2 0
avito-coin-service/internal/handler/purchase.go:54.2,55.8 2 0
avito-coin-service/internal/handler/transaction.go:24.80,26.2 1 0
avito-coin-service/internal/handler/transaction.go:28.54,32.47 2 0
avito-coin-service/internal/handler/transaction.go:32.47,35.3 2 0
avito-coin-service/internal/handler/transaction.go:37.2,37.21 1 0
avito-coin-service/internal/handler/transaction.go:37.21,40.3 2 0
avito-coin-service/internal/handler/transaction.go:43.2,44.13 2 0
avito-coin-service/internal/handler/transaction.go:44.13,47.3 2 0
avito-coin-service/internal/handler/transaction.go:50.2,51.16 2 0
avito-coin-service/internal/handler/transaction.go:51.16,54.3 2 0
avito-coin-service/internal/handler/transaction.go:56.2,56.80 1 0
avito-coin-service/internal/handler/user.go:18.66,20.2 1 0
avito-coin-service/internal/handler/user.go:22.45,27.47 2 0
avito-coin-service/internal/handler/user.go:27.47,30.3 2 0
avito-coin-service/internal/handler/user.go:32.2,33.16 2 0
avito-coin-service/internal/handler/user.go:33.16,36.3 2 0
avito-coin-service/internal/handler/user.go:38.2,40.4 1 0
avito-coin-service/config/config.go:18.31,19.40 1 0
avito-coin-service/config/config.go:19.40,21.3 1 0
avito-coin-service/config/config.go:21.8,23.3 1 0
avito-coin-service/config/config.go:25.2,27.16 3 0
avito-coin-service/config/config.go:27.16,29.3 1 0
avito-coin-service/config/config.go:30.2,32.16 2 0
avito-coin-service/config/jwt.go:15.33,16.35 1 0
avito-coin-service/config/jwt.go:16.35,20.3 1 0
avito-coin-service/config/jwt.go:21.2,21.40 1 0
avito-coin-service/config/jwt.go:21.40,23.3 1 0
avito-coin-service/config/jwt.go:23.9,25.3 0 0
avito-coin-service/config/jwt.go:26.2,28.16 3 0
avito-coin-service/config/jwt.go:28.16,30.3 1 0
avito-coin-service/config/jwt.go:31.2,31.13 1 0
avito-coin-service/internal/service/info.go:26.12,34.2 1 0
avito-coin-service/internal/service/info.go:36.73,39.16 2 0
avito-coin-service/internal/service/info.go:39.16,41.3 1 0
avito-coin-service/internal/service/info.go:43.2,48.22 5 0
avito-coin-service/internal/service/info.go:48.22,50.31 1 0
avito-coin-service/internal/service/info.go:50.31,52.18 2 0
avito-coin-service/internal/service/info.go:52.18,53.13 1 0
avito-coin-service/internal/service/info.go:55.4,58.49 4 0
avito-coin-service/internal/service/info.go:63.2,65.21 3 0
avito-coin-service/internal/service/info.go:65.21,66.30 1 0
avito-coin-service/internal/service/info.go:66.30,70.18 3 0
avito-coin-service/internal/service/info.go:70.18,72.5 1 0
avito-coin-service/internal/service/info.go:73.4,75.70 3 0
avito-coin-service/internal/service/info.go:80.2,82.16 3 0
avito-coin-service/internal/service/info.go:82.16,83.26 1 0
avito-coin-service/internal/service/info.go:83.26,86.18 3 0
avito-coin-service/internal/service/info.go:86.18,88.5 1 0
avito-coin-service/internal/service/info.go:89.4,91.62 3 0
avito-coin-service/internal/service/info.go:96.2,96.19 1 0
avito-coin-service/internal/service/purchase.go:22.13,29.2 1 0
avito-coin-service/internal/service/purchase.go:31.70,34.16 2 0
avito-coin-service/internal/service/purchase.go:34.16,36.3 1 0
avito-coin-service/internal/service/purchase.go:38.2,39.16 2 0
avito-coin-service/internal/service/purchase.go:39.16,41.3 1 0
avito-coin-service/internal/service/purchase.go:43.2,43.32 1 0
avito-coin-service/internal/service/purchase.go:43.32,45.3 1 0
avito-coin-service/internal/service/purchase.go:47.2,47.52 1 0
avito-coin-service/internal/service/transaction.go:20.8,25.2 1 0
avito-coin-service/internal/service/transaction.go:28.83,31.16 2 0
avito-coin-service/internal/service/transaction.go:31.16,33.3 1 0
avito-coin-service/internal/service/transaction.go:35.2,36.16 2 0
avito-coin-service/internal/service/transaction.go:36.16,38.3 1 0
avito-coin-service/internal/service/transaction.go:40.2,40.30 1 0
avito-coin-service/internal/service/transaction.go:40.30,42.3 1 0
avito-coin-service/internal/service/transaction.go:44.2,44.31 1 0
avito-coin-service/internal/service/transaction.go:44.31,46.3 1 0
avito-coin-service/internal/service/transaction.go:48.2,48.62 1 0
avito-coin-service/internal/service/user.go:22.15,25.2 1 0
avito-coin-service/internal/service/user.go:27.70,30.16 2 0
avito-coin-service/internal/service/user.go:30.16,32.58 1 0
avito-coin-service/internal/service/user.go:32.58,35.4 1 0
avito-coin-service/internal/service/user.go:35.9,41.4 1 0
avito-coin-service/internal/service/user.go:43.3,43.49 1 0
avito-coin-service/internal/service/user.go:43.49,45.4 1 0
avito-coin-service/internal/service/user.go:47.3,47.66 1 0
avito-coin-service/internal/service/user.go:47.66,50.4 1 0
avito-coin-service/internal/service/user.go:50.9,52.4 1 0
avito-coin-service/internal/service/user.go:55.2,55.48 1 0
avito-coin-service/internal/service/user.go:55.48,57.3 1 0
avito-coin-service/internal/service/user.go:59.2,59.65 1 0
avito-coin-service/internal/service/user.go:59.65,61.3 1 0
avito-coin-service/internal/service/user.go:61.8,63.3 1 0
avito-coin-service/internal/service/user.go:66.52,69.16 2 0
avito-coin-service/internal/service/user.go:69.16,72.3 1 0
avito-coin-service/internal/service/user.go:74.2,74.26 1 0
avito-coin-service/internal/service/user.go:78.66,82.2 2 0
avito-coin-service/internal/repository/merch.go:19.54,23.2 1 0
avito-coin-service/internal/repository/merch.go:25.50,27.2 1 0
avito-coin-service/internal/repository/merch.go:29.59,32.69 2 0
avito-coin-service/internal/repository/merch.go:32.69,35.3 1 0
avito-coin-service/internal/repository/merch.go:37.2,37.20 1 0
avito-coin-service/internal/repository/merch.go:40.65,43.73 2 0
avito-coin-service/internal/repository/merch.go:43.73,46.3 1 0
avito-coin-service/internal/repository/merch.go:48.2,48.20 1 0
avito-coin-service/internal/repository/purchase.go:22.60,26.2 1 0
avito-coin-service/internal/repository/purchase.go:28.56,30.2 1 0
avito-coin-service/internal/repository/purchase.go:32.93,35.107 2 0
avito-coin-service/internal/repository/purchase.go:35.107,38.3 1 0
avito-coin-service/internal/repository/purchase.go:40.2,40.23 1 0
avito-coin-service/internal/repository/purchase.go:43.79,46.81 2 0
avito-coin-service/internal/repository/purchase.go:46.81,48.3 1 0
avito-coin-service/internal/repository/purchase.go:50.2,50.23 1 0
avito-coin-service/internal/repository/purchase.go:53.54,58.25 2 0
avito-coin-service/internal/repository/purchase.go:58.25,60.3 1 0
avito-coin-service/internal/repository/purchase.go:62.2,62.30 1 0
avito-coin-service/internal/repository/purchase.go:62.30,64.3 1 0
avito-coin-service/internal/repository/purchase.go:66.2,66.12 1 0
avito-coin-service/internal/repository/purchase.go:69.83,74.44 3 0
avito-coin-service/internal/repository/purchase.go:74.44,77.3 2 0
avito-coin-service/internal/repository/purchase.go:80.2,81.16 2 0
avito-coin-service/internal/repository/purchase.go:81.16,88.55 2 0
avito-coin-service/internal/repository/purchase.go:88.55,91.4 2 0
avito-coin-service/internal/repository/purchase.go:92.8,94.49 2 0
avito-coin-service/internal/repository/purchase.go:94.49,97.4 2 0
avito-coin-service/internal/repository/purchase.go:100.2,100.26 1 0
avito-coin-service/internal/repository/transaction.go:20.66,24.2 1 0
avito-coin-service/internal/repository/transaction.go:26.62,28.2 1 0
avito-coin-service/internal/repository/transaction.go:30.96,32.72 2 0
avito-coin-service/internal/repository/transaction.go:32.72,34.3 1 0
avito-coin-service/internal/repository/transaction.go:35.2,35.18 1 0
avito-coin-service/internal/repository/transaction.go:38.92,40.74 2 0
avito-coin-service/internal/repository/transaction.go:40.74,42.3 1 0
avito-coin-service/internal/repository/transaction.go:43.2,43.18 1 0
avito-coin-service/internal/repository/transaction.go:46.105,52.48 4 0
avito-coin-service/internal/repository/transaction.go:52.48,55.3 2 0
avito-coin-service/internal/repository/transaction.go:56.2,56.46 1 0
avito-coin-service/internal/repository/transaction.go:56.46,59.3 2 0
avito-coin-service/internal/repository/transaction.go:61.2,66.54 2 0
avito-coin-service/internal/repository/transaction.go:66.54,69.3 2 0
avito-coin-service/internal/repository/transaction.go:71.2,71.26 1 0
avito-coin-service/internal/repository/user.go:19.46,24.2 1 0
avito-coin-service/internal/repository/user.go:26.50,29.2 1 0
avito-coin-service/internal/repository/user.go:31.57,34.68 2 0
avito-coin-service/internal/repository/user.go:34.68,37.3 1 0
avito-coin-service/internal/repository/user.go:39.2,39.19 1 0
avito-coin-service/internal/repository/user.go:42.63,45.72 2 0
avito-coin-service/internal/repository/user.go:45.72,48.3 1 0
avito-coin-service/internal/repository/user.go:50.2,50.19 1 0
avito-coin-service/mocks/merch_mock.go:13.61,16.2 2 0
avito-coin-service/mocks/merch_mock.go:18.70,21.2 2 0
avito-coin-service/mocks/merch_mock.go:23.76,25.24 2 0
avito-coin-service/mocks/merch_mock.go:25.24,27.3 1 0
avito-coin-service/mocks/merch_mock.go:28.2,28.27 1 0
avito-coin-service/mocks/purchase_mock.go:13.67,16.2 2 0
avito-coin-service/mocks/purchase_mock.go:18.104,20.24 2 0
avito-coin-service/mocks/purchase_mock.go:20.24,22.3 1 0
avito-coin-service/mocks/purchase_mock.go:23.2,23.27 1 0
avito-coin-service/mocks/purchase_mock.go:26.90,29.2 2 0
avito-coin-service/mocks/purchase_mock.go:31.65,34.2 2 0
avito-coin-service/mocks/purchase_mock.go:36.94,39.2 2 0
avito-coin-service/mocks/transaction_mock.go:13.73,16.2 2 0
avito-coin-service/mocks/transaction_mock.go:18.116,21.2 2 0
avito-coin-service/mocks/transaction_mock.go:23.107,26.2 2 0
avito-coin-service/mocks/transaction_mock.go:28.103,31.2 2 0
avito-coin-service/mocks/user_mock.go:15.74,18.16 3 0
avito-coin-service/mocks/user_mock.go:18.16,21.3 1 0
avito-coin-service/mocks/user_mock.go:22.2,22.39 1 0
avito-coin-service/mocks/user_mock.go:26.68,28.24 2 0
avito-coin-service/mocks/user_mock.go:28.24,30.3 1 0
avito-coin-service/mocks/user_mock.go:31.2,31.27 1 0
avito-coin-service/mocks/user_mock.go:35.61,38.2 2 0
